{
  "RSpec": {
    "coverage": {
      "/Users/jasontam/CodeCore/Cohort 6/Final Project/snap_receipts/spec/controllers/home_controller_spec.rb": [
        1,
        null,
        1,
        1,
        1,
        1,
        1,
        null,
        1,
        1,
        1,
        null,
        1,
        1,
        null,
        null,
        null
      ],
      "/Users/jasontam/CodeCore/Cohort 6/Final Project/snap_receipts/spec/rails_helper.rb": [
        null,
        1,
        1,
        1,
        1,
        null,
        null,
        null,
        null,
        null,
        null,
        null,
        null,
        null,
        null,
        null,
        null,
        null,
        null,
        null,
        null,
        null,
        null,
        null,
        1,
        null,
        1,
        null,
        1,
        null,
        null,
        null,
        null,
        1,
        null,
        1,
        null,
        null,
        null,
        null,
        null,
        null,
        null,
        null,
        null,
        null,
        null,
        null,
        null,
        null,
        1,
        null
      ],
      "/Users/jasontam/CodeCore/Cohort 6/Final Project/snap_receipts/config/environment.rb": [
        null,
        1,
        null,
        null,
        1
      ],
      "/Users/jasontam/CodeCore/Cohort 6/Final Project/snap_receipts/config/application.rb": [
        1,
        null,
        null,
        1,
        1,
        null,
        null,
        1,
        1,
        1,
        1,
        1,
        1,
        1,
        null,
        null,
        null,
        null,
        1,
        null,
        1,
        1,
        null,
        null,
        null,
        null,
        null,
        null,
        null,
        null,
        null,
        null,
        null,
        null,
        null,
        1,
        null,
        null
      ],
      "/Users/jasontam/CodeCore/Cohort 6/Final Project/snap_receipts/config/boot.rb": [
        1,
        null,
        1
      ],
      "/Users/jasontam/CodeCore/Cohort 6/Final Project/snap_receipts/config/environments/test.rb": [
        1,
        null,
        null,
        null,
        null,
        null,
        null,
        1,
        null,
        null,
        null,
        null,
        1,
        null,
        null,
        1,
        1,
        null,
        null,
        1,
        1,
        null,
        null,
        1,
        null,
        null,
        1,
        null,
        null,
        null,
        null,
        1,
        null,
        null,
        1,
        null,
        null,
        1,
        null,
        null,
        null,
        null
      ],
      "/Users/jasontam/CodeCore/Cohort 6/Final Project/snap_receipts/config/initializers/assets.rb": [
        null,
        null,
        null,
        1,
        null,
        null,
        null,
        null,
        null,
        null,
        null
      ],
      "/Users/jasontam/CodeCore/Cohort 6/Final Project/snap_receipts/config/initializers/backtrace_silencers.rb": [
        null,
        null,
        null,
        null,
        null,
        null,
        null
      ],
      "/Users/jasontam/CodeCore/Cohort 6/Final Project/snap_receipts/config/initializers/carrierwave.rb": [
        1,
        1,
        1,
        1,
        null,
        null,
        null,
        1,
        null,
        null,
        1,
        3,
        3,
        3,
        192,
        null,
        null,
        3,
        141,
        null,
        null,
        null,
        null
      ],
      "/Users/jasontam/CodeCore/Cohort 6/Final Project/snap_receipts/app/uploaders/image_uploader.rb": [
        null,
        null,
        1,
        null,
        null,
        1,
        null,
        null,
        null,
        1,
        null,
        null,
        null,
        null,
        1,
        0,
        null,
        null,
        null,
        null,
        null,
        null,
        null,
        null,
        null,
        null,
        null,
        null,
        null,
        null,
        null,
        null,
        null,
        null,
        null,
        null,
        null,
        null,
        1,
        1,
        null,
        null,
        1,
        1,
        null,
        null,
        null,
        null,
        null,
        1,
        192,
        null,
        null,
        null,
        null,
        null,
        null,
        null,
        null,
        null
      ],
      "/Users/jasontam/CodeCore/Cohort 6/Final Project/snap_receipts/config/initializers/cookies_serializer.rb": [
        null,
        null,
        1
      ],
      "/Users/jasontam/CodeCore/Cohort 6/Final Project/snap_receipts/config/initializers/filter_parameter_logging.rb": [
        null,
        null,
        null,
        1
      ],
      "/Users/jasontam/CodeCore/Cohort 6/Final Project/snap_receipts/config/initializers/inflections.rb": [
        null,
        null,
        null,
        null,
        null,
        null,
        null,
        null,
        null,
        null,
        null,
        null,
        null,
        null,
        null,
        null
      ],
      "/Users/jasontam/CodeCore/Cohort 6/Final Project/snap_receipts/config/initializers/mime_types.rb": [
        null,
        null,
        null,
        null,
        1,
        null
      ],
      "/Users/jasontam/CodeCore/Cohort 6/Final Project/snap_receipts/config/initializers/session_store.rb": [
        null,
        null,
        1
      ],
      "/Users/jasontam/CodeCore/Cohort 6/Final Project/snap_receipts/config/initializers/simple_form.rb": [
        null,
        1,
        null,
        null,
        null,
        null,
        null,
        1,
        null,
        null,
        null,
        null,
        null,
        null,
        null,
        null,
        null,
        1,
        null,
        null,
        null,
        1,
        null,
        null,
        null,
        null,
        null,
        null,
        null,
        null,
        1,
        null,
        null,
        1,
        null,
        null,
        1,
        null,
        null,
        1,
        null,
        null,
        1,
        1,
        1,
        null,
        null,
        null,
        null,
        null,
        null,
        null,
        null,
        null,
        1,
        null,
        null,
        null,
        null,
        null,
        1,
        null,
        null,
        1,
        null,
        null,
        null,
        null,
        null,
        null,
        null,
        1,
        null,
        null,
        1,
        null,
        null,
        null,
        null,
        null,
        null,
        null,
        null,
        null,
        null,
        null,
        null,
        null,
        null,
        null,
        null,
        null,
        null,
        null,
        null,
        null,
        null,
        null,
        null,
        null,
        null,
        null,
        null,
        null,
        null,
        null,
        null,
        null,
        null,
        null,
        null,
        null,
        null,
        null,
        null,
        null,
        null,
        null,
        null,
        null,
        1,
        null,
        null,
        null,
        null,
        null,
        null,
        null,
        null,
        null,
        null,
        null,
        null,
        null,
        null,
        null,
        null,
        null,
        null,
        null,
        null,
        null,
        null,
        null,
        null,
        null,
        null,
        null,
        null,
        null,
        null,
        null,
        null,
        null,
        null,
        null,
        null,
        1,
        null,
        null,
        null,
        null,
        null,
        null,
        null,
        null
      ],
      "/Users/jasontam/CodeCore/Cohort 6/Final Project/snap_receipts/config/initializers/simple_form_bootstrap.rb": [
        null,
        1,
        1,
        1,
        1,
        null,
        1,
        1,
        1,
        1,
        1,
        1,
        1,
        1,
        null,
        1,
        1,
        1,
        null,
        null,
        1,
        1,
        1,
        1,
        1,
        1,
        null,
        1,
        1,
        1,
        null,
        null,
        1,
        1,
        1,
        null,
        1,
        1,
        null,
        null,
        1,
        1,
        null,
        null,
        1,
        1,
        1,
        1,
        1,
        1,
        1,
        null,
        null,
        1,
        1,
        1,
        1,
        1,
        1,
        1,
        1,
        null,
        1,
        1,
        1,
        1,
        null,
        null,
        null,
        1,
        1,
        1,
        1,
        1,
        1,
        null,
        1,
        1,
        1,
        1,
        null,
        null,
        null,
        1,
        1,
        1,
        null,
        1,
        1,
        1,
        null,
        null,
        1,
        1,
        null,
        null,
        null,
        1,
        1,
        1,
        null,
        1,
        null,
        1,
        1,
        1,
        1,
        null,
        null,
        null,
        1,
        1,
        1,
        1,
        1,
        1,
        1,
        1,
        null,
        1,
        1,
        1,
        null,
        null,
        null,
        null,
        null,
        null,
        1,
        1,
        null,
        null,
        null,
        null,
        null,
        null
      ],
      "/Users/jasontam/CodeCore/Cohort 6/Final Project/snap_receipts/config/initializers/wrap_parameters.rb": [
        null,
        null,
        null,
        null,
        null,
        null,
        1,
        1,
        null,
        null,
        null,
        null,
        null,
        null
      ],
      "/Users/jasontam/CodeCore/Cohort 6/Final Project/snap_receipts/spec/factories/receipts.rb": [
        1,
        1,
        1,
        24,
        1,
        null,
        null
      ],
      "/Users/jasontam/CodeCore/Cohort 6/Final Project/snap_receipts/spec/factories/reports.rb": [
        1,
        1,
        55,
        1,
        null,
        null
      ],
      "/Users/jasontam/CodeCore/Cohort 6/Final Project/snap_receipts/spec/factories/searches.rb": [
        1,
        1,
        1,
        null,
        null
      ],
      "/Users/jasontam/CodeCore/Cohort 6/Final Project/snap_receipts/config/routes.rb": [
        1,
        null,
        null,
        null,
        null,
        1,
        1,
        1,
        null,
        null,
        1,
        null,
        1,
        null,
        null,
        null,
        null,
        null,
        null,
        null,
        null,
        null,
        null,
        null,
        null,
        null,
        null,
        null,
        null,
        null,
        null,
        null,
        null,
        null,
        null,
        null,
        null,
        null,
        null,
        null,
        null,
        null,
        null,
        null,
        null,
        null,
        null,
        null,
        null,
        null,
        null,
        null,
        null,
        null,
        null,
        null,
        null,
        null,
        null,
        null,
        null,
        null,
        null,
        null,
        null,
        null,
        null,
        null,
        null
      ],
      "/Users/jasontam/CodeCore/Cohort 6/Final Project/snap_receipts/app/helpers/application_helper.rb": [
        1,
        null,
        1,
        0,
        null,
        null,
        1,
        0,
        null,
        null,
        null
      ],
      "/Users/jasontam/CodeCore/Cohort 6/Final Project/snap_receipts/app/helpers/home_helper.rb": [
        1,
        null
      ],
      "/Users/jasontam/CodeCore/Cohort 6/Final Project/snap_receipts/app/helpers/receipt_locations_helper.rb": [
        1,
        null,
        null
      ],
      "/Users/jasontam/CodeCore/Cohort 6/Final Project/snap_receipts/app/helpers/receipts_helper.rb": [
        1,
        null,
        1,
        null,
        0,
        0,
        null,
        null,
        0,
        0,
        null,
        null,
        null
      ],
      "/Users/jasontam/CodeCore/Cohort 6/Final Project/snap_receipts/app/helpers/reports_helper.rb": [
        1,
        null
      ],
      "/Users/jasontam/CodeCore/Cohort 6/Final Project/snap_receipts/app/helpers/searches_helper.rb": [
        1,
        null
      ],
      "/Users/jasontam/CodeCore/Cohort 6/Final Project/snap_receipts/app/controllers/home_controller.rb": [
        1,
        1,
        2,
        null,
        null
      ],
      "/Users/jasontam/CodeCore/Cohort 6/Final Project/snap_receipts/app/controllers/application_controller.rb": [
        1,
        null,
        null,
        1,
        null
      ],
      "/Users/jasontam/CodeCore/Cohort 6/Final Project/snap_receipts/spec/controllers/receipts_controller_spec.rb": [
        1,
        null,
        1,
        33,
        22,
        2,
        null,
        null,
        1,
        1,
        1,
        1,
        null,
        1,
        1,
        1,
        null,
        1,
        1,
        null,
        null,
        null,
        1,
        1,
        1,
        null,
        4,
        null,
        null,
        null,
        1,
        4,
        null,
        1,
        1,
        1,
        null,
        1,
        1,
        1,
        null,
        1,
        1,
        1,
        null,
        null,
        null,
        1,
        1,
        4,
        null,
        null,
        null,
        1,
        4,
        null,
        1,
        1,
        1,
        null,
        1,
        1,
        1,
        null,
        1,
        1,
        1,
        null,
        null,
        null,
        null,
        1,
        1,
        1,
        1,
        null,
        1,
        1,
        1,
        1,
        1,
        null,
        1,
        null,
        1,
        1,
        1,
        null,
        1,
        1,
        null,
        null,
        null,
        1,
        null,
        1,
        null,
        1,
        1,
        null,
        1,
        1,
        1,
        null,
        null,
        null,
        null,
        null,
        1,
        1,
        1,
        5,
        null,
        null,
        null,
        null,
        1,
        1,
        null,
        1,
        1,
        null,
        1,
        1,
        null,
        1,
        1,
        null,
        1,
        1,
        null,
        null,
        null,
        1,
        1,
        5,
        null,
        null,
        null,
        null,
        1,
        1,
        null,
        1,
        1,
        null,
        1,
        1,
        null,
        1,
        1,
        null,
        1,
        1,
        null,
        null,
        null,
        null,
        1,
        null,
        1,
        null,
        1,
        null,
        null,
        null,
        1,
        null,
        1,
        1,
        null,
        1,
        null,
        null,
        1,
        null,
        1,
        null,
        1,
        1,
        1,
        null,
        1,
        1,
        1,
        null,
        1,
        1,
        null,
        null,
        null,
        1,
        1,
        null,
        null,
        1,
        null,
        1,
        1,
        1,
        null,
        1,
        1,
        1,
        null,
        1,
        1,
        null,
        null,
        null,
        null,
        null,
        null
      ],
      "/Users/jasontam/CodeCore/Cohort 6/Final Project/snap_receipts/app/controllers/receipts_controller.rb": [
        1,
        null,
        1,
        3,
        3,
        null,
        3,
        3,
        3,
        3,
        3,
        3,
        null,
        null,
        null,
        1,
        2,
        2,
        null,
        null,
        1,
        8,
        8,
        8,
        8,
        8,
        8,
        4,
        null,
        8,
        4,
        null,
        null,
        null,
        null,
        null,
        null,
        1,
        2,
        2,
        null,
        null,
        1,
        10,
        10,
        10,
        10,
        10,
        10,
        5,
        null,
        10,
        5,
        null,
        null,
        null,
        null,
        1,
        6,
        6,
        6,
        6,
        6,
        12,
        6,
        null,
        0,
        0,
        null,
        null,
        null,
        null,
        null,
        1,
        null,
        1,
        18,
        null,
        null,
        null
      ],
      "/Users/jasontam/CodeCore/Cohort 6/Final Project/snap_receipts/spec/controllers/reports_controller_spec.rb": [
        1,
        null,
        1,
        15,
        2,
        2,
        null,
        1,
        1,
        1,
        1,
        null,
        1,
        1,
        1,
        null,
        1,
        1,
        null,
        null,
        1,
        1,
        1,
        1,
        1,
        null,
        null,
        null,
        null,
        null,
        null,
        null,
        null,
        null,
        1,
        1,
        1,
        4,
        null,
        null,
        null,
        null,
        null,
        1,
        4,
        null,
        1,
        1,
        1,
        null,
        1,
        1,
        1,
        null,
        1,
        1,
        1,
        null,
        null,
        null,
        null,
        null,
        null,
        null,
        null,
        null,
        null,
        null,
        1,
        1,
        4,
        null,
        null,
        null,
        null,
        null,
        1,
        4,
        null,
        1,
        1,
        1,
        null,
        1,
        1,
        1,
        null,
        1,
        1,
        1,
        null,
        null,
        null,
        null,
        null,
        1,
        null,
        1,
        1,
        1,
        1,
        null,
        1,
        1,
        1,
        1,
        null,
        1,
        1,
        null,
        1,
        null,
        1,
        1,
        null,
        null,
        null,
        1,
        null,
        1,
        1,
        1,
        1,
        null,
        null,
        1,
        1,
        1,
        null,
        null,
        null,
        null,
        1,
        1,
        1,
        4,
        null,
        null,
        1,
        1,
        null,
        null,
        1,
        1,
        null,
        null,
        1,
        1,
        null,
        null,
        1,
        1,
        null,
        null,
        null,
        1,
        5,
        null,
        1,
        1,
        null,
        null,
        1,
        1,
        null,
        null,
        1,
        1,
        null,
        null,
        1,
        1,
        null,
        null,
        null,
        null,
        1,
        null,
        1,
        5,
        null,
        1,
        4,
        null,
        1,
        1,
        1,
        null,
        1,
        1,
        1,
        null,
        1,
        1,
        null,
        null,
        null,
        1,
        null,
        1,
        4,
        null,
        1,
        1,
        1,
        null,
        1,
        1,
        1,
        null,
        1,
        1,
        null,
        null,
        null,
        null,
        null,
        null,
        null,
        null
      ],
      "/Users/jasontam/CodeCore/Cohort 6/Final Project/snap_receipts/app/controllers/reports_controller.rb": [
        1,
        1,
        3,
        3,
        3,
        null,
        null,
        1,
        8,
        8,
        8,
        8,
        4,
        null,
        8,
        4,
        null,
        null,
        null,
        null,
        1,
        3,
        3,
        3,
        3,
        null,
        null,
        1,
        2,
        null,
        null,
        1,
        8,
        8,
        8,
        8,
        4,
        null,
        8,
        4,
        null,
        null,
        null,
        null,
        1,
        6,
        6,
        6,
        6,
        12,
        null,
        0,
        0,
        null,
        null,
        null,
        null,
        1,
        null,
        1,
        16,
        null,
        null,
        null
      ],
      "/Users/jasontam/CodeCore/Cohort 6/Final Project/snap_receipts/spec/controllers/searches_controller_spec.rb": [
        1,
        null,
        1,
        null,
        1,
        1,
        1,
        1,
        null,
        1,
        1,
        1,
        null,
        1,
        1,
        null,
        null,
        null,
        1,
        1,
        1,
        3,
        null,
        null,
        null,
        null,
        1,
        4,
        null,
        1,
        1,
        1,
        null,
        1,
        1,
        1,
        null,
        null,
        null,
        null,
        1,
        1,
        3,
        null,
        null,
        null,
        null,
        1,
        4,
        null,
        1,
        1,
        1,
        null,
        1,
        1,
        1,
        null,
        null,
        null,
        null,
        null,
        1,
        1,
        1,
        1,
        1,
        null,
        1,
        1,
        1,
        1,
        null,
        1,
        1,
        null,
        null,
        null,
        null
      ],
      "/Users/jasontam/CodeCore/Cohort 6/Final Project/snap_receipts/app/controllers/searches_controller.rb": [
        1,
        1,
        2,
        null,
        null,
        1,
        6,
        null,
        6,
        null,
        null,
        1,
        2,
        2,
        2,
        2,
        2,
        2,
        null,
        null,
        null,
        null,
        null,
        1,
        1,
        6,
        null,
        null,
        null,
        null
      ],
      "/Users/jasontam/CodeCore/Cohort 6/Final Project/snap_receipts/spec/models/receipt_spec.rb": [
        1,
        null,
        1,
        null,
        1,
        2,
        null,
        2,
        null,
        null,
        1,
        1,
        1,
        null,
        null,
        1,
        1,
        1,
        null,
        null,
        1,
        2,
        null,
        null,
        1,
        2,
        2,
        2,
        2,
        2,
        2,
        2,
        2,
        2,
        2,
        2,
        2,
        2,
        null,
        null,
        null
      ],
      "/Users/jasontam/CodeCore/Cohort 6/Final Project/snap_receipts/app/models/receipt.rb": [
        1,
        null,
        1,
        1,
        1,
        1,
        null,
        1,
        1,
        null,
        null,
        1,
        null,
        1,
        1,
        null,
        1,
        27,
        27,
        27,
        27,
        null,
        27,
        54,
        27,
        27,
        27,
        27,
        27,
        0,
        0,
        null,
        0,
        null,
        null,
        27,
        null,
        27,
        27,
        null,
        27,
        null,
        null,
        1,
        32,
        null,
        null,
        1,
        32,
        27,
        5,
        5,
        0,
        0,
        null,
        0,
        null,
        null,
        null,
        1,
        0,
        0,
        0,
        0,
        null,
        null,
        null,
        null,
        1,
        0,
        0,
        null,
        null,
        null,
        1,
        2,
        null,
        2,
        null,
        null,
        null,
        1,
        0,
        null,
        0,
        null,
        null,
        null,
        1,
        0,
        null,
        0,
        null,
        null,
        null,
        null
      ],
      "/Users/jasontam/CodeCore/Cohort 6/Final Project/snap_receipts/spec/models/report_spec.rb": [
        1,
        null,
        1,
        null,
        1,
        null,
        1,
        4,
        null,
        4,
        null,
        null,
        1,
        1,
        1,
        null,
        null,
        1,
        1,
        1,
        null,
        null,
        1,
        1,
        1,
        1,
        null,
        null,
        null,
        1,
        2,
        null,
        null,
        1,
        2,
        2,
        null,
        null,
        null
      ],
      "/Users/jasontam/CodeCore/Cohort 6/Final Project/snap_receipts/app/models/report.rb": [
        1,
        1,
        1,
        1,
        null,
        null
      ],
      "/Users/jasontam/CodeCore/Cohort 6/Final Project/snap_receipts/app/models/search.rb": [
        1,
        null
      ]
    },
    "timestamp": 1425597426
  }
}
